<?xml version="1.0" encoding="UTF-8"?>
<!-- Generated by org.testng.reporters.JUnitReportReporter -->
<testsuite skipped="0" hostname="user-PC" name="com.seleniumPractice.SeleniumCucumber.runners.MyRunnerTest" tests="1" failures="0" timestamp="27 Nov 2018 10:35:05 GMT" time="0.036" errors="0">
  <testcase name="search" time="0.036" classname="com.seleniumPractice.SeleniumCucumber.runners.MyRunnerTest"/>
</testsuite> <!-- com.seleniumPractice.SeleniumCucumber.runners.MyRunnerTest -->
